2020-06-02 23:00:07 INFO  App:19 - INFO - Conectando com API codenation ...
2020-06-02 23:29:58 INFO  App:19 - Conectando com API codenation ...
2020-06-02 23:31:38 INFO  App:19 - Conectando com API codenation ...
2020-06-02 23:32:21 INFO  App:19 - Conectando com API codenation ...
2020-06-02 23:33:20 INFO  App:19 - Conectando com API codenation ...
2020-06-02 23:34:27 INFO  App:19 - Conectando com API codenation ...
2020-06-02 23:36:06 INFO  App:19 - Conectando com API codenation ...
2020-06-02 23:36:21 INFO  App:19 - Conectando com API codenation ...
2020-06-02 23:38:15 INFO  App:19 - Conectando com API codenation ...
2020-06-02 23:42:45 INFO  App:19 - Conectando com API codenation ...
2020-06-02 23:44:10 INFO  App:19 - Conectando com API codenation ...
2020-06-03 00:15:11 INFO  App:19 - Connecting to codenation API Caesar cipher generator ...
2020-06-03 00:15:13 INFO  Cryptography:19 - Decoding cipher ...
2020-06-03 00:15:13 INFO  Cryptography:35 - Decoded succesfully.
2020-06-03 00:33:14 INFO  App:19 - Connecting to codenation API Caesar cipher generator ...
2020-06-03 00:33:16 INFO  Cryptography:20 - Decoding cipher ...
2020-06-03 00:33:16 INFO  Cryptography:38 - Decoded succesfully.
2020-06-03 00:33:16 INFO  Cryptography:45 - Starting SHA-1 encryption ...
2020-06-03 00:33:16 INFO  Cryptography:56 - SHA-1 encrypted succesfully.
2020-06-03 00:35:11 INFO  App:19 - Connecting to codenation API Caesar cipher generator ...
2020-06-03 00:35:13 INFO  Cryptography:20 - Decoding cipher ...
2020-06-03 00:35:13 INFO  Cryptography:38 - Decoded succesfully.
2020-06-03 00:35:13 INFO  Cryptography:45 - Starting SHA-1 encryption ...
2020-06-03 00:35:13 INFO  Cryptography:56 - SHA-1 encrypted succesfully.
2020-06-03 00:42:59 INFO  App:19 - Connecting to codenation API Caesar cipher generator ...
2020-06-03 00:43:00 INFO  Cryptography:20 - Decoding cipher ...
2020-06-03 00:43:00 INFO  Cryptography:38 - Decoded succesfully.
2020-06-03 00:43:00 INFO  Cryptography:45 - Starting SHA-1 encryption ...
2020-06-03 00:43:00 INFO  Cryptography:56 - SHA-1 encrypted succesfully.
2020-06-03 01:04:55 INFO  App:19 - Connecting to codenation API Caesar cipher generator ...
2020-06-03 01:04:57 INFO  Cryptography:20 - Decoding cipher ...
2020-06-03 01:04:57 INFO  Cryptography:38 - Decoded succesfully.
2020-06-03 01:04:57 INFO  Cryptography:45 - Starting SHA-1 encryption ...
2020-06-03 01:04:57 INFO  Cryptography:56 - SHA-1 encrypted succesfully.
2020-06-03 01:06:14 INFO  App:19 - Connecting to codenation API Caesar cipher generator ...
2020-06-03 01:06:16 INFO  Cryptography:20 - Decoding cipher ...
2020-06-03 01:06:16 INFO  Cryptography:38 - Decoded succesfully.
2020-06-03 01:06:16 INFO  Cryptography:45 - Starting SHA-1 encryption ...
2020-06-03 01:06:16 INFO  Cryptography:56 - SHA-1 encrypted succesfully.
2020-06-03 01:08:20 INFO  App:19 - Connecting to codenation API Caesar cipher generator ...
2020-06-03 01:08:22 INFO  Cryptography:20 - Decoding cipher ...
2020-06-03 01:08:22 INFO  Cryptography:38 - Decoded succesfully.
2020-06-03 01:08:22 INFO  Cryptography:45 - Starting SHA-1 encryption ...
2020-06-03 01:08:22 INFO  Cryptography:56 - SHA-1 encrypted succesfully.
2020-06-03 01:26:24 INFO  App:19 - Connecting to codenation API Caesar cipher generator ...
2020-06-03 01:26:26 INFO  Cryptography:20 - Decoding cipher ...
2020-06-03 01:26:26 INFO  Cryptography:38 - Decoded succesfully.
2020-06-03 01:26:26 INFO  Cryptography:45 - Starting SHA-1 encryption ...
2020-06-03 01:26:26 INFO  Cryptography:56 - SHA-1 encrypted succesfully.
2020-06-03 01:26:26 INFO  App:36 - Submiting answer.json ...
2020-06-03 01:26:26 INFO  App:38 - Submited answer.json ...
2020-06-03 01:26:38 INFO  App:19 - Connecting to codenation API Caesar cipher generator ...
2020-06-03 01:26:40 INFO  Cryptography:20 - Decoding cipher ...
2020-06-03 01:26:40 INFO  Cryptography:38 - Decoded succesfully.
2020-06-03 01:26:40 INFO  Cryptography:45 - Starting SHA-1 encryption ...
2020-06-03 01:26:40 INFO  Cryptography:56 - SHA-1 encrypted succesfully.
2020-06-03 01:26:40 INFO  App:36 - Submiting answer.json ...
2020-06-03 01:26:40 INFO  App:38 - Submited answer.json ...
2020-06-03 01:27:54 INFO  App:19 - Connecting to codenation API Caesar cipher generator ...
2020-06-03 01:27:56 INFO  Cryptography:20 - Decoding cipher ...
2020-06-03 01:27:56 INFO  Cryptography:38 - Decoded succesfully.
2020-06-03 01:27:56 INFO  Cryptography:45 - Starting SHA-1 encryption ...
2020-06-03 01:27:56 INFO  Cryptography:56 - SHA-1 encrypted succesfully.
2020-06-03 01:27:56 INFO  App:36 - Submiting answer.json ...
2020-06-03 01:27:56 INFO  App:38 - Submited answer.json ...
2020-06-03 01:28:57 INFO  App:19 - Connecting to codenation API Caesar cipher generator ...
2020-06-03 01:28:59 INFO  Cryptography:20 - Decoding cipher ...
2020-06-03 01:28:59 INFO  Cryptography:38 - Decoded succesfully.
2020-06-03 01:28:59 INFO  Cryptography:45 - Starting SHA-1 encryption ...
2020-06-03 01:28:59 INFO  Cryptography:56 - SHA-1 encrypted succesfully.
2020-06-03 01:28:59 INFO  App:36 - Submiting answer.json ...
2020-06-03 01:28:59 INFO  App:38 - Submited answer.json ...
2020-06-03 01:40:13 INFO  App:19 - Connecting to codenation API Caesar cipher generator ...
2020-06-03 01:40:15 INFO  Cryptography:20 - Decoding cipher ...
2020-06-03 01:40:15 INFO  Cryptography:38 - Decoded succesfully.
2020-06-03 01:40:15 INFO  Cryptography:45 - Starting SHA-1 encryption ...
2020-06-03 01:40:15 INFO  Cryptography:56 - SHA-1 encrypted succesfully.
2020-06-03 01:40:15 INFO  App:36 - Submiting answer.json ...
2020-06-03 01:40:16 INFO  App:38 - Submited answer.json ...
2020-06-03 01:45:16 INFO  App:19 - Connecting to codenation API Caesar cipher generator ...
2020-06-03 01:45:18 INFO  Cryptography:20 - Decoding cipher ...
2020-06-03 01:45:18 INFO  Cryptography:38 - Decoded succesfully.
2020-06-03 01:45:18 INFO  Cryptography:45 - Starting SHA-1 encryption ...
2020-06-03 01:45:18 INFO  Cryptography:56 - SHA-1 encrypted succesfully.
2020-06-03 01:45:18 INFO  App:36 - Submiting answer.json ...
2020-06-03 01:45:19 INFO  App:38 - Submited answer.json ...
2020-06-03 01:49:27 INFO  App:19 - Connecting to codenation API Caesar cipher generator ...
2020-06-03 01:49:29 INFO  Cryptography:20 - Decoding cipher ...
2020-06-03 01:49:29 INFO  Cryptography:38 - Decoded succesfully.
2020-06-03 01:49:29 INFO  Cryptography:45 - Starting SHA-1 encryption ...
2020-06-03 01:49:29 INFO  Cryptography:56 - SHA-1 encrypted succesfully.
2020-06-03 01:49:29 INFO  App:36 - Submiting answer.json ...
2020-06-03 01:49:30 INFO  App:38 - Submited answer.json ...
2020-06-03 01:51:14 INFO  App:19 - Connecting to codenation API Caesar cipher generator ...
2020-06-03 01:51:16 INFO  Cryptography:20 - Decoding cipher ...
2020-06-03 01:51:16 INFO  Cryptography:38 - Decoded succesfully.
2020-06-03 01:51:16 INFO  Cryptography:45 - Starting SHA-1 encryption ...
2020-06-03 01:51:16 INFO  Cryptography:56 - SHA-1 encrypted succesfully.
2020-06-03 01:51:16 INFO  App:36 - Submiting answer.json ...
2020-06-03 01:51:16 INFO  App:38 - Submited answer.json ...
2020-06-03 01:52:26 INFO  App:19 - Connecting to codenation API Caesar cipher generator ...
2020-06-03 01:52:28 INFO  Cryptography:20 - Decoding cipher ...
2020-06-03 01:52:28 INFO  Cryptography:38 - Decoded succesfully.
2020-06-03 01:52:28 INFO  Cryptography:45 - Starting SHA-1 encryption ...
2020-06-03 01:52:28 INFO  Cryptography:56 - SHA-1 encrypted succesfully.
2020-06-03 01:52:28 INFO  App:36 - Submiting answer.json ...
2020-06-03 01:52:28 INFO  App:38 - Submited answer.json ...
2020-06-03 01:56:02 INFO  App:19 - Connecting to codenation API Caesar cipher generator ...
2020-06-03 01:56:04 INFO  Cryptography:20 - Decoding cipher ...
2020-06-03 01:56:04 INFO  Cryptography:38 - Decoded succesfully.
2020-06-03 01:56:04 INFO  Cryptography:45 - Starting SHA-1 encryption ...
2020-06-03 01:56:04 INFO  Cryptography:56 - SHA-1 encrypted succesfully.
2020-06-03 01:56:04 INFO  App:36 - Submiting answer.json ...
2020-06-03 01:56:05 INFO  App:38 - Submited answer.json ...
2020-06-03 02:03:34 INFO  App:19 - Connecting to codenation API Caesar cipher generator ...
2020-06-03 02:03:36 INFO  Cryptography:20 - Decoding cipher ...
2020-06-03 02:03:36 INFO  Cryptography:38 - Decoded succesfully.
2020-06-03 02:03:36 INFO  Cryptography:45 - Starting SHA-1 encryption ...
2020-06-03 02:03:36 INFO  Cryptography:56 - SHA-1 encrypted succesfully.
2020-06-03 02:03:36 INFO  App:36 - Submiting answer.json ...
2020-06-03 02:03:36 INFO  App:38 - Submited answer.json ...
2020-06-03 02:05:21 INFO  App:19 - Connecting to codenation API Caesar cipher generator ...
2020-06-03 02:05:22 INFO  Cryptography:20 - Decoding cipher ...
2020-06-03 02:05:22 INFO  Cryptography:38 - Decoded succesfully.
2020-06-03 02:05:22 INFO  Cryptography:45 - Starting SHA-1 encryption ...
2020-06-03 02:05:22 INFO  Cryptography:56 - SHA-1 encrypted succesfully.
2020-06-03 02:05:22 INFO  App:36 - Submiting answer.json ...
2020-06-03 02:05:23 INFO  App:38 - Submited answer.json ...
2020-06-03 02:05:28 INFO  App:19 - Connecting to codenation API Caesar cipher generator ...
2020-06-03 02:05:29 INFO  Cryptography:20 - Decoding cipher ...
2020-06-03 02:05:29 INFO  Cryptography:38 - Decoded succesfully.
2020-06-03 02:05:29 INFO  Cryptography:45 - Starting SHA-1 encryption ...
2020-06-03 02:05:29 INFO  Cryptography:56 - SHA-1 encrypted succesfully.
2020-06-03 02:05:29 INFO  App:36 - Submiting answer.json ...
2020-06-03 02:05:30 INFO  App:38 - Submited answer.json ...
2020-06-03 02:05:31 INFO  App:19 - Connecting to codenation API Caesar cipher generator ...
2020-06-03 02:05:33 INFO  Cryptography:20 - Decoding cipher ...
2020-06-03 02:05:33 INFO  Cryptography:38 - Decoded succesfully.
2020-06-03 02:05:33 INFO  Cryptography:45 - Starting SHA-1 encryption ...
2020-06-03 02:05:33 INFO  Cryptography:56 - SHA-1 encrypted succesfully.
2020-06-03 02:05:33 INFO  App:36 - Submiting answer.json ...
2020-06-03 02:05:33 INFO  App:38 - Submited answer.json ...
2020-06-03 02:06:24 INFO  App:19 - Connecting to codenation API Caesar cipher generator ...
2020-06-03 02:06:26 INFO  Cryptography:20 - Decoding cipher ...
2020-06-03 02:06:26 INFO  Cryptography:38 - Decoded succesfully.
2020-06-03 02:06:26 INFO  Cryptography:45 - Starting SHA-1 encryption ...
2020-06-03 02:06:26 INFO  Cryptography:56 - SHA-1 encrypted succesfully.
2020-06-03 02:06:26 INFO  App:36 - Submiting answer.json ...
2020-06-03 02:06:26 INFO  App:38 - Submited answer.json ...
2020-06-08 14:10:23 INFO  App:19 - Connecting to codenation API Caesar cipher generator ...
2020-06-08 14:11:15 INFO  App:19 - Connecting to codenation API Caesar cipher generator ...
2020-06-08 14:11:17 INFO  Cryptography:20 - Decoding cipher ...
2020-06-08 14:11:17 INFO  Cryptography:38 - Decoded succesfully.
2020-06-08 14:11:17 INFO  Cryptography:45 - Starting SHA-1 encryption ...
2020-06-08 14:11:17 INFO  Cryptography:56 - SHA-1 encrypted succesfully.
2020-06-08 14:11:17 INFO  App:36 - Submiting answer.json ...
2020-06-08 14:11:17 INFO  App:38 - Submited answer.json ...
2020-06-08 14:18:48 INFO  App:19 - Connecting to codenation API Caesar cipher generator ...
2020-06-08 14:18:51 INFO  Cryptography:20 - Decoding cipher ...
2020-06-08 14:18:51 INFO  Cryptography:38 - Decoded succesfully.
2020-06-08 14:18:51 INFO  Cryptography:45 - Starting SHA-1 encryption ...
2020-06-08 14:18:51 INFO  Cryptography:56 - SHA-1 encrypted succesfully.
2020-06-08 14:18:51 INFO  App:36 - Submiting answer.json ...
2020-06-08 14:18:51 INFO  App:38 - Submited answer.json ...
2020-06-08 14:23:43 INFO  App:19 - Connecting to codenation API Caesar cipher generator ...
2020-06-08 14:23:45 INFO  Cryptography:20 - Decoding cipher ...
2020-06-08 14:23:45 INFO  Cryptography:38 - Decoded succesfully.
2020-06-08 14:23:45 INFO  Cryptography:45 - Starting SHA-1 encryption ...
2020-06-08 14:23:45 INFO  Cryptography:56 - SHA-1 encrypted succesfully.
2020-06-08 14:28:44 INFO  App:19 - Connecting to codenation API Caesar cipher generator ...
2020-06-08 14:28:46 INFO  Cryptography:20 - Decoding cipher ...
2020-06-08 14:28:46 INFO  Cryptography:38 - Decoded succesfully.
2020-06-08 14:28:46 INFO  Cryptography:45 - Starting SHA-1 encryption ...
2020-06-08 14:28:46 INFO  Cryptography:56 - SHA-1 encrypted succesfully.
2020-06-08 14:31:42 INFO  App:19 - Connecting to codenation API Caesar cipher generator ...
2020-06-08 14:31:45 INFO  Cryptography:20 - Decoding cipher ...
2020-06-08 14:31:45 INFO  Cryptography:38 - Decoded succesfully.
2020-06-08 14:31:45 INFO  Cryptography:45 - Starting SHA-1 encryption ...
2020-06-08 14:31:45 INFO  Cryptography:56 - SHA-1 encrypted succesfully.
2020-06-08 14:31:45 INFO  App:36 - Submiting answer.json ...
2020-06-08 14:31:45 INFO  App:38 - Submited answer.json ...
2020-06-08 14:33:05 INFO  App:19 - Connecting to codenation API Caesar cipher generator ...
2020-06-08 14:33:08 INFO  Cryptography:20 - Decoding cipher ...
2020-06-08 14:33:08 INFO  Cryptography:38 - Decoded succesfully.
2020-06-08 14:33:08 INFO  Cryptography:45 - Starting SHA-1 encryption ...
2020-06-08 14:33:08 INFO  Cryptography:56 - SHA-1 encrypted succesfully.
2020-06-08 14:33:08 INFO  App:36 - Submiting answer.json ...
2020-06-08 14:33:08 INFO  App:38 - Submited answer.json ...
2020-06-08 14:34:29 INFO  App:19 - Connecting to codenation API Caesar cipher generator ...
2020-06-08 14:34:32 INFO  Cryptography:20 - Decoding cipher ...
2020-06-08 14:34:32 INFO  Cryptography:38 - Decoded succesfully.
2020-06-08 14:34:32 INFO  Cryptography:45 - Starting SHA-1 encryption ...
2020-06-08 14:34:32 INFO  Cryptography:56 - SHA-1 encrypted succesfully.
2020-06-08 14:34:32 INFO  App:36 - Submiting answer.json ...
2020-06-08 14:34:32 INFO  App:38 - Submited answer.json ...
2020-06-08 14:35:20 INFO  App:19 - Connecting to codenation API Caesar cipher generator ...
2020-06-08 14:35:22 INFO  Cryptography:20 - Decoding cipher ...
2020-06-08 14:35:22 INFO  Cryptography:38 - Decoded succesfully.
2020-06-08 14:35:22 INFO  Cryptography:45 - Starting SHA-1 encryption ...
2020-06-08 14:35:22 INFO  Cryptography:56 - SHA-1 encrypted succesfully.
2020-06-08 14:35:22 INFO  App:36 - Submiting answer.json ...
2020-06-08 14:35:23 INFO  App:38 - Submited answer.json ...
2020-06-08 14:36:31 INFO  App:19 - Connecting to codenation API Caesar cipher generator ...
2020-06-08 14:36:34 INFO  Cryptography:20 - Decoding cipher ...
2020-06-08 14:36:34 INFO  Cryptography:38 - Decoded succesfully.
2020-06-08 14:36:34 INFO  Cryptography:45 - Starting SHA-1 encryption ...
2020-06-08 14:36:34 INFO  Cryptography:56 - SHA-1 encrypted succesfully.
2020-06-08 14:36:34 INFO  App:36 - Submiting answer.json ...
2020-06-08 14:36:35 INFO  App:38 - Submited answer.json ...
2020-06-08 19:16:07 INFO  App:19 - Connecting to codenation API Caesar cipher generator ...
2020-06-08 19:16:11 INFO  Cryptography:20 - Decoding cipher ...
2020-06-08 19:16:11 INFO  Cryptography:38 - Decoded succesfully.
2020-06-08 19:16:11 INFO  Cryptography:45 - Starting SHA-1 encryption ...
2020-06-08 19:16:11 INFO  Cryptography:56 - SHA-1 encrypted succesfully.
2020-06-08 19:16:11 INFO  App:36 - Submiting answer.json ...
2020-06-08 19:16:11 INFO  App:38 - Submited answer.json ...
2020-06-08 19:18:31 INFO  App:19 - Connecting to codenation API Caesar cipher generator ...
2020-06-08 19:18:34 INFO  Cryptography:20 - Decoding cipher ...
2020-06-08 19:18:34 INFO  Cryptography:38 - Decoded succesfully.
2020-06-08 19:18:34 INFO  Cryptography:45 - Starting SHA-1 encryption ...
2020-06-08 19:18:34 INFO  Cryptography:56 - SHA-1 encrypted succesfully.
2020-06-08 19:18:34 INFO  App:36 - Submiting answer.json ...
2020-06-08 19:18:35 INFO  App:38 - Submited answer.json ...
2020-06-08 19:24:57 INFO  App:19 - Connecting to codenation API Caesar cipher generator ...
2020-06-08 19:25:00 INFO  Cryptography:20 - Decoding cipher ...
2020-06-08 19:25:00 INFO  Cryptography:38 - Decoded succesfully.
2020-06-08 19:25:00 INFO  Cryptography:45 - Starting SHA-1 encryption ...
2020-06-08 19:25:00 INFO  Cryptography:56 - SHA-1 encrypted succesfully.
2020-06-08 19:25:00 INFO  App:36 - Submiting answer.json ...
2020-06-08 19:25:00 INFO  App:38 - Submited answer.json ...
2020-06-08 19:32:44 INFO  App:19 - Connecting to codenation API Caesar cipher generator ...
2020-06-08 19:32:47 INFO  Cryptography:20 - Decoding cipher ...
2020-06-08 19:32:47 INFO  Cryptography:38 - Decoded succesfully.
2020-06-08 19:32:47 INFO  Cryptography:45 - Starting SHA-1 encryption ...
2020-06-08 19:32:47 INFO  Cryptography:56 - SHA-1 encrypted succesfully.
2020-06-08 19:32:47 INFO  App:36 - Submiting answer.json ...
2020-06-08 19:34:20 INFO  App:19 - Connecting to codenation API Caesar cipher generator ...
2020-06-08 19:34:22 INFO  Cryptography:20 - Decoding cipher ...
2020-06-08 19:34:22 INFO  Cryptography:38 - Decoded succesfully.
2020-06-08 19:34:22 INFO  Cryptography:45 - Starting SHA-1 encryption ...
2020-06-08 19:34:22 INFO  Cryptography:56 - SHA-1 encrypted succesfully.
2020-06-08 19:34:22 INFO  App:36 - Submiting answer.json ...
2020-06-08 19:34:24 INFO  App:38 - Submited answer.json ...
2020-06-08 19:34:44 INFO  App:19 - Connecting to codenation API Caesar cipher generator ...
2020-06-08 19:34:47 INFO  Cryptography:20 - Decoding cipher ...
2020-06-08 19:34:47 INFO  Cryptography:38 - Decoded succesfully.
2020-06-08 19:34:47 INFO  Cryptography:45 - Starting SHA-1 encryption ...
2020-06-08 19:34:47 INFO  Cryptography:56 - SHA-1 encrypted succesfully.
2020-06-08 19:34:47 INFO  App:36 - Submiting answer.json ...
2020-06-08 19:34:48 INFO  App:38 - Submited answer.json ...
2020-06-08 19:35:22 INFO  App:19 - Connecting to codenation API Caesar cipher generator ...
2020-06-08 19:35:24 INFO  Cryptography:20 - Decoding cipher ...
2020-06-08 19:35:24 INFO  Cryptography:38 - Decoded succesfully.
2020-06-08 19:35:24 INFO  Cryptography:45 - Starting SHA-1 encryption ...
2020-06-08 19:35:24 INFO  Cryptography:56 - SHA-1 encrypted succesfully.
2020-06-08 19:35:24 INFO  App:36 - Submiting answer.json ...
2020-06-08 19:35:26 INFO  App:38 - Submited answer.json ...
